0 info it worked if it ends with ok
1 verbose cli [ '/usr/local/bin/node', '/usr/local/bin/npm', 'start' ]
2 info using npm@4.0.5
3 info using node@v7.4.0
4 verbose stack Error: Invalid version: "1.0"
4 verbose stack     at Object.fixVersionField (/usr/local/lib/node_modules/npm/node_modules/normalize-package-data/lib/fixer.js:191:13)
4 verbose stack     at /usr/local/lib/node_modules/npm/node_modules/normalize-package-data/lib/normalize.js:32:38
4 verbose stack     at Array.forEach (native)
4 verbose stack     at normalize (/usr/local/lib/node_modules/npm/node_modules/normalize-package-data/lib/normalize.js:31:15)
4 verbose stack     at final (/usr/local/lib/node_modules/npm/node_modules/read-package-json/read-json.js:349:5)
4 verbose stack     at then (/usr/local/lib/node_modules/npm/node_modules/read-package-json/read-json.js:124:5)
4 verbose stack     at /usr/local/lib/node_modules/npm/node_modules/read-package-json/read-json.js:243:12
4 verbose stack     at /usr/local/lib/node_modules/npm/node_modules/graceful-fs/graceful-fs.js:78:16
4 verbose stack     at tryToString (fs.js:426:3)
4 verbose stack     at FSReqWrap.readFileAfterClose [as oncomplete] (fs.js:413:12)
5 verbose cwd /root/server/sockets
6 error Linux 4.4.0-59-generic
7 error argv "/usr/local/bin/node" "/usr/local/bin/npm" "start"
8 error node v7.4.0
9 error npm  v4.0.5
10 error Invalid version: "1.0"
11 error If you need help, you may report this error at:
11 error     <https://github.com/npm/npm/issues>
12 verbose exit [ 1, true ]
